{"/Users/yogesh/Documents/yogesh/projects/github/React-Router-Redux-JestEnzyme/src/index.js": {"path":"/Users/yogesh/Documents/yogesh/projects/github/React-Router-Redux-JestEnzyme/src/index.js","statementMap":{"0":{"start":{"line":14,"column":0},"end":{"line":27,"column":2}}},"fnMap":{},"branchMap":{},"s":{"0":0},"f":{},"b":{}}
,"/Users/yogesh/Documents/yogesh/projects/github/React-Router-Redux-JestEnzyme/src/store.js": {"path":"/Users/yogesh/Documents/yogesh/projects/github/React-Router-Redux-JestEnzyme/src/store.js","statementMap":{"0":{"start":{"line":6,"column":23},"end":{"line":6,"column":45}},"1":{"start":{"line":7,"column":14},"end":{"line":10,"column":1}},"2":{"start":{"line":11,"column":0},"end":{"line":11,"column":29}}},"fnMap":{},"branchMap":{},"s":{"0":0,"1":0,"2":0},"f":{},"b":{}}
,"/Users/yogesh/Documents/yogesh/projects/github/React-Router-Redux-JestEnzyme/src/actions/actions.js": {"path":"/Users/yogesh/Documents/yogesh/projects/github/React-Router-Redux-JestEnzyme/src/actions/actions.js","statementMap":{"0":{"start":{"line":1,"column":23},"end":{"line":3,"column":2}},"1":{"start":{"line":1,"column":30},"end":{"line":3,"column":1}}},"fnMap":{"0":{"name":"(anonymous_0)","decl":{"start":{"line":1,"column":23},"end":{"line":1,"column":24}},"loc":{"start":{"line":1,"column":30},"end":{"line":3,"column":1}},"line":1}},"branchMap":{},"s":{"0":0,"1":0},"f":{"0":0},"b":{}}
,"/Users/yogesh/Documents/yogesh/projects/github/React-Router-Redux-JestEnzyme/src/components/About.js": {"path":"/Users/yogesh/Documents/yogesh/projects/github/React-Router-Redux-JestEnzyme/src/components/About.js","statementMap":{"0":{"start":{"line":8,"column":8},"end":{"line":10,"column":9}}},"fnMap":{"0":{"name":"(anonymous_0)","decl":{"start":{"line":6,"column":4},"end":{"line":6,"column":5}},"loc":{"start":{"line":7,"column":4},"end":{"line":11,"column":5}},"line":7}},"branchMap":{},"s":{"0":0},"f":{"0":0},"b":{}}
,"/Users/yogesh/Documents/yogesh/projects/github/React-Router-Redux-JestEnzyme/src/components/App.js": {"path":"/Users/yogesh/Documents/yogesh/projects/github/React-Router-Redux-JestEnzyme/src/components/App.js","statementMap":{"0":{"start":{"line":8,"column":8},"end":{"line":10,"column":9}}},"fnMap":{"0":{"name":"(anonymous_0)","decl":{"start":{"line":6,"column":4},"end":{"line":6,"column":5}},"loc":{"start":{"line":7,"column":4},"end":{"line":11,"column":5}},"line":7}},"branchMap":{},"s":{"0":1},"f":{"0":1},"b":{},"_coverageSchema":"43e27e138ebf9cfc5966b082cf9a028302ed4184","hash":"823b7ba651919f24809dfae71ddf184186b64a83"}
,"/Users/yogesh/Documents/yogesh/projects/github/React-Router-Redux-JestEnzyme/src/components/Home.js": {"path":"/Users/yogesh/Documents/yogesh/projects/github/React-Router-Redux-JestEnzyme/src/components/Home.js","statementMap":{"0":{"start":{"line":8,"column":8},"end":{"line":10,"column":9}}},"fnMap":{"0":{"name":"(anonymous_0)","decl":{"start":{"line":6,"column":4},"end":{"line":6,"column":5}},"loc":{"start":{"line":7,"column":4},"end":{"line":11,"column":5}},"line":7}},"branchMap":{},"s":{"0":0},"f":{"0":0},"b":{}}
,"/Users/yogesh/Documents/yogesh/projects/github/React-Router-Redux-JestEnzyme/src/components/Navbar.js": {"path":"/Users/yogesh/Documents/yogesh/projects/github/React-Router-Redux-JestEnzyme/src/components/Navbar.js","statementMap":{"0":{"start":{"line":8,"column":8},"end":{"line":17,"column":9}}},"fnMap":{"0":{"name":"(anonymous_0)","decl":{"start":{"line":6,"column":4},"end":{"line":6,"column":5}},"loc":{"start":{"line":7,"column":4},"end":{"line":18,"column":5}},"line":7}},"branchMap":{},"s":{"0":0},"f":{"0":0},"b":{},"_coverageSchema":"43e27e138ebf9cfc5966b082cf9a028302ed4184","hash":"bf6e9bbb29e084e05c9fb344fa168d1903b9540b"}
,"/Users/yogesh/Documents/yogesh/projects/github/React-Router-Redux-JestEnzyme/src/components/User.js": {"path":"/Users/yogesh/Documents/yogesh/projects/github/React-Router-Redux-JestEnzyme/src/components/User.js","statementMap":{"0":{"start":{"line":3,"column":13},"end":{"line":5,"column":1}},"1":{"start":{"line":4,"column":4},"end":{"line":4,"column":35}}},"fnMap":{"0":{"name":"(anonymous_0)","decl":{"start":{"line":3,"column":13},"end":{"line":3,"column":14}},"loc":{"start":{"line":3,"column":24},"end":{"line":5,"column":1}},"line":3}},"branchMap":{},"s":{"0":0,"1":0},"f":{"0":0},"b":{}}
,"/Users/yogesh/Documents/yogesh/projects/github/React-Router-Redux-JestEnzyme/src/containers/UserContainer.js": {"path":"/Users/yogesh/Documents/yogesh/projects/github/React-Router-Redux-JestEnzyme/src/containers/UserContainer.js","statementMap":{"0":{"start":{"line":9,"column":8},"end":{"line":9,"column":21}},"1":{"start":{"line":12,"column":8},"end":{"line":12,"column":29}},"2":{"start":{"line":15,"column":38},"end":{"line":15,"column":48}},"3":{"start":{"line":16,"column":8},"end":{"line":24,"column":9}},"4":{"start":{"line":27,"column":27},"end":{"line":29,"column":1}},"5":{"start":{"line":30,"column":24},"end":{"line":33,"column":2}},"6":{"start":{"line":30,"column":36},"end":{"line":33,"column":1}}},"fnMap":{"0":{"name":"(anonymous_0)","decl":{"start":{"line":8,"column":4},"end":{"line":8,"column":5}},"loc":{"start":{"line":8,"column":23},"end":{"line":10,"column":5}},"line":8},"1":{"name":"(anonymous_1)","decl":{"start":{"line":11,"column":19},"end":{"line":11,"column":20}},"loc":{"start":{"line":11,"column":25},"end":{"line":13,"column":5}},"line":11},"2":{"name":"(anonymous_2)","decl":{"start":{"line":14,"column":4},"end":{"line":14,"column":5}},"loc":{"start":{"line":14,"column":13},"end":{"line":25,"column":5}},"line":14},"3":{"name":"(anonymous_3)","decl":{"start":{"line":30,"column":24},"end":{"line":30,"column":25}},"loc":{"start":{"line":30,"column":36},"end":{"line":33,"column":1}},"line":30}},"branchMap":{"0":{"loc":{"start":{"line":20,"column":20},"end":{"line":20,"column":57}},"type":"binary-expr","locations":[{"start":{"line":20,"column":20},"end":{"line":20,"column":30}},{"start":{"line":20,"column":34},"end":{"line":20,"column":57}}],"line":20}},"s":{"0":0,"1":0,"2":0,"3":0,"4":0,"5":0,"6":0},"f":{"0":0,"1":0,"2":0,"3":0},"b":{"0":[0,0]}}
,"/Users/yogesh/Documents/yogesh/projects/github/React-Router-Redux-JestEnzyme/src/reducers/reducer.js": {"path":"/Users/yogesh/Documents/yogesh/projects/github/React-Router-Redux-JestEnzyme/src/reducers/reducer.js","statementMap":{"0":{"start":{"line":1,"column":21},"end":{"line":4,"column":1}},"1":{"start":{"line":5,"column":16},"end":{"line":14,"column":4}},"2":{"start":{"line":6,"column":4},"end":{"line":13,"column":5}},"3":{"start":{"line":8,"column":11},"end":{"line":8,"column":48}},"4":{"start":{"line":10,"column":11},"end":{"line":10,"column":72}},"5":{"start":{"line":12,"column":11},"end":{"line":12,"column":24}}},"fnMap":{"0":{"name":"(anonymous_0)","decl":{"start":{"line":5,"column":16},"end":{"line":5,"column":17}},"loc":{"start":{"line":5,"column":50},"end":{"line":14,"column":4}},"line":5}},"branchMap":{"0":{"loc":{"start":{"line":5,"column":17},"end":{"line":5,"column":37}},"type":"default-arg","locations":[{"start":{"line":5,"column":25},"end":{"line":5,"column":37}}],"line":5},"1":{"loc":{"start":{"line":6,"column":4},"end":{"line":13,"column":5}},"type":"switch","locations":[{"start":{"line":7,"column":6},"end":{"line":8,"column":48}},{"start":{"line":9,"column":6},"end":{"line":10,"column":72}},{"start":{"line":11,"column":6},"end":{"line":12,"column":24}}],"line":6}},"s":{"0":0,"1":0,"2":0,"3":0,"4":0,"5":0},"f":{"0":0},"b":{"0":[0],"1":[0,0,0]}}
,"/Users/yogesh/Documents/yogesh/projects/github/React-Router-Redux-JestEnzyme/src/reducers/rootreducer.js": {"path":"/Users/yogesh/Documents/yogesh/projects/github/React-Router-Redux-JestEnzyme/src/reducers/rootreducer.js","statementMap":{"0":{"start":{"line":4,"column":20},"end":{"line":6,"column":4}}},"fnMap":{},"branchMap":{},"s":{"0":0},"f":{},"b":{}}
,"/Users/yogesh/Documents/yogesh/projects/github/React-Router-Redux-JestEnzyme/src/sagas/rootsaga.js": {"path":"/Users/yogesh/Documents/yogesh/projects/github/React-Router-Redux-JestEnzyme/src/sagas/rootsaga.js","statementMap":{"0":{"start":{"line":5,"column":4},"end":{"line":5,"column":21}}},"fnMap":{"0":{"name":"(anonymous_0)","decl":{"start":{"line":4,"column":15},"end":{"line":4,"column":16}},"loc":{"start":{"line":4,"column":28},"end":{"line":6,"column":3}},"line":4}},"branchMap":{},"s":{"0":0},"f":{"0":0},"b":{}}
,"/Users/yogesh/Documents/yogesh/projects/github/React-Router-Redux-JestEnzyme/src/sagas/saga.js": {"path":"/Users/yogesh/Documents/yogesh/projects/github/React-Router-Redux-JestEnzyme/src/sagas/saga.js","statementMap":{"0":{"start":{"line":4,"column":22},"end":{"line":5,"column":42}},"1":{"start":{"line":5,"column":26},"end":{"line":5,"column":41}},"2":{"start":{"line":6,"column":2},"end":{"line":6,"column":57}},"3":{"start":{"line":9,"column":5},"end":{"line":9,"column":46}},"4":{"start":{"line":13,"column":3},"end":{"line":15,"column":6}}},"fnMap":{"0":{"name":"fetchData","decl":{"start":{"line":3,"column":10},"end":{"line":3,"column":19}},"loc":{"start":{"line":3,"column":22},"end":{"line":7,"column":1}},"line":3},"1":{"name":"(anonymous_1)","decl":{"start":{"line":5,"column":14},"end":{"line":5,"column":15}},"loc":{"start":{"line":5,"column":26},"end":{"line":5,"column":41}},"line":5},"2":{"name":"actionWatcher","decl":{"start":{"line":8,"column":10},"end":{"line":8,"column":23}},"loc":{"start":{"line":8,"column":26},"end":{"line":10,"column":1}},"line":8},"3":{"name":"rootSaga","decl":{"start":{"line":12,"column":25},"end":{"line":12,"column":33}},"loc":{"start":{"line":12,"column":36},"end":{"line":16,"column":1}},"line":12}},"branchMap":{},"s":{"0":0,"1":0,"2":0,"3":0,"4":0},"f":{"0":0,"1":0,"2":0,"3":0},"b":{}}
,"/Users/yogesh/Documents/yogesh/projects/github/React-Router-Redux-JestEnzyme/src/utils/consts.js": {"path":"/Users/yogesh/Documents/yogesh/projects/github/React-Router-Redux-JestEnzyme/src/utils/consts.js","statementMap":{},"fnMap":{},"branchMap":{},"s":{},"f":{},"b":{}}
}
