TN:
SF:/Users/yogesh/Documents/yogesh/projects/github/React-Router-Redux-JestEnzyme/src/index.js
FNF:0
FNH:0
DA:14,0
LF:1
LH:0
BRF:0
BRH:0
end_of_record
TN:
SF:/Users/yogesh/Documents/yogesh/projects/github/React-Router-Redux-JestEnzyme/src/store.js
FNF:0
FNH:0
DA:6,0
DA:7,0
DA:11,0
LF:3
LH:0
BRF:0
BRH:0
end_of_record
TN:
SF:/Users/yogesh/Documents/yogesh/projects/github/React-Router-Redux-JestEnzyme/src/actions/actions.js
FN:1,(anonymous_0)
FNF:1
FNH:0
FNDA:0,(anonymous_0)
DA:1,0
LF:1
LH:0
BRF:0
BRH:0
end_of_record
TN:
SF:/Users/yogesh/Documents/yogesh/projects/github/React-Router-Redux-JestEnzyme/src/components/About.js
FN:6,(anonymous_0)
FNF:1
FNH:0
FNDA:0,(anonymous_0)
DA:8,0
LF:1
LH:0
BRF:0
BRH:0
end_of_record
TN:
SF:/Users/yogesh/Documents/yogesh/projects/github/React-Router-Redux-JestEnzyme/src/components/App.js
FN:6,(anonymous_0)
FNF:1
FNH:1
FNDA:1,(anonymous_0)
DA:8,1
LF:1
LH:1
BRF:0
BRH:0
end_of_record
TN:
SF:/Users/yogesh/Documents/yogesh/projects/github/React-Router-Redux-JestEnzyme/src/components/Home.js
FN:6,(anonymous_0)
FNF:1
FNH:0
FNDA:0,(anonymous_0)
DA:8,0
LF:1
LH:0
BRF:0
BRH:0
end_of_record
TN:
SF:/Users/yogesh/Documents/yogesh/projects/github/React-Router-Redux-JestEnzyme/src/components/Navbar.js
FN:6,(anonymous_0)
FNF:1
FNH:0
FNDA:0,(anonymous_0)
DA:8,0
LF:1
LH:0
BRF:0
BRH:0
end_of_record
TN:
SF:/Users/yogesh/Documents/yogesh/projects/github/React-Router-Redux-JestEnzyme/src/components/User.js
FN:3,(anonymous_0)
FNF:1
FNH:0
FNDA:0,(anonymous_0)
DA:3,0
DA:4,0
LF:2
LH:0
BRF:0
BRH:0
end_of_record
TN:
SF:/Users/yogesh/Documents/yogesh/projects/github/React-Router-Redux-JestEnzyme/src/containers/UserContainer.js
FN:8,(anonymous_0)
FN:11,(anonymous_1)
FN:14,(anonymous_2)
FN:30,(anonymous_3)
FNF:4
FNH:0
FNDA:0,(anonymous_0)
FNDA:0,(anonymous_1)
FNDA:0,(anonymous_2)
FNDA:0,(anonymous_3)
DA:9,0
DA:12,0
DA:15,0
DA:16,0
DA:27,0
DA:30,0
LF:6
LH:0
BRDA:20,0,0,0
BRDA:20,0,1,0
BRF:2
BRH:0
end_of_record
TN:
SF:/Users/yogesh/Documents/yogesh/projects/github/React-Router-Redux-JestEnzyme/src/reducers/reducer.js
FN:5,(anonymous_0)
FNF:1
FNH:0
FNDA:0,(anonymous_0)
DA:1,0
DA:5,0
DA:6,0
DA:8,0
DA:10,0
DA:12,0
LF:6
LH:0
BRDA:5,0,0,0
BRDA:6,1,0,0
BRDA:6,1,1,0
BRDA:6,1,2,0
BRF:4
BRH:0
end_of_record
TN:
SF:/Users/yogesh/Documents/yogesh/projects/github/React-Router-Redux-JestEnzyme/src/reducers/rootreducer.js
FNF:0
FNH:0
DA:4,0
LF:1
LH:0
BRF:0
BRH:0
end_of_record
TN:
SF:/Users/yogesh/Documents/yogesh/projects/github/React-Router-Redux-JestEnzyme/src/sagas/rootsaga.js
FN:4,(anonymous_0)
FNF:1
FNH:0
FNDA:0,(anonymous_0)
DA:5,0
LF:1
LH:0
BRF:0
BRH:0
end_of_record
TN:
SF:/Users/yogesh/Documents/yogesh/projects/github/React-Router-Redux-JestEnzyme/src/sagas/saga.js
FN:3,fetchData
FN:5,(anonymous_1)
FN:8,actionWatcher
FN:12,rootSaga
FNF:4
FNH:0
FNDA:0,fetchData
FNDA:0,(anonymous_1)
FNDA:0,actionWatcher
FNDA:0,rootSaga
DA:4,0
DA:5,0
DA:6,0
DA:9,0
DA:13,0
LF:5
LH:0
BRF:0
BRH:0
end_of_record
TN:
SF:/Users/yogesh/Documents/yogesh/projects/github/React-Router-Redux-JestEnzyme/src/utils/consts.js
FNF:0
FNH:0
LF:0
LH:0
BRF:0
BRH:0
end_of_record
